#
# There is insufficient memory for the Java Runtime Environment to continue.
# Native memory allocation (mmap) failed to map 134217728 bytes. Error detail: G1 virtual space
# Possible reasons:
#   The system is out of physical RAM or swap space
#   This process is running with CompressedOops enabled, and the Java Heap may be blocking the growth of the native heap
# Possible solutions:
#   Reduce memory load on the system
#   Increase physical memory or swap space
#   Check if swap backing store is full
#   Decrease Java heap size (-Xmx/-Xms)
#   Decrease number of Java threads
#   Decrease Java thread stack sizes (-Xss)
#   Set larger code cache with -XX:ReservedCodeCacheSize=
#   JVM is running with Unscaled Compressed Oops mode in which the Java heap is
#     placed in the first 4GB address space. The Java Heap base address is the
#     maximum limit for the native heap growth. Please use -XX:HeapBaseMinAddress
#     to set the Java Heap base and to place the Java Heap above 4GB virtual address.
# This output file may be truncated or incomplete.
#
#  Out of Memory Error (os_windows.cpp:3631), pid=110996, tid=118772
#
# JRE version:  (22.0.1+8) (build )
# Java VM: Java HotSpot(TM) 64-Bit Server VM (22.0.1+8-16, mixed mode, sharing, tiered, compressed oops, compressed class ptrs, g1 gc, windows-amd64)
# No core dump will be written. Minidumps are not enabled by default on client versions of Windows
#

---------------  S U M M A R Y ------------

Command Line: -ea -Didea.test.cyclic.buffer.size=1048576 -javaagent:C:\Program Files\JetBrains\IntelliJ IDEA Community Edition 2024.1.1\lib\idea_rt.jar=54995:C:\Program Files\JetBrains\IntelliJ IDEA Community Edition 2024.1.1\bin -Dfile.encoding=UTF-8 -Dsun.stdout.encoding=UTF-8 -Dsun.stderr.encoding=UTF-8 com.intellij.rt.junit.JUnitStarter -ideVersion5 -junit5 renderer.ReflectionRefractionTests,multyObjectsTest

Host: Intel(R) Core(TM) i5-8265U CPU @ 1.60GHz, 8 cores, 7G,  Windows 10 , 64 bit Build 18362 (10.0.18362.1110)
Time: Mon Jul  8 22:36:33 2024 Jerusalem Daylight Time elapsed time: 0.041036 seconds (0d 0h 0m 0s)

---------------  T H R E A D  ---------------

Current thread (0x0000026b6a005810):  JavaThread "Unknown thread" [_thread_in_vm, id=118772, stack(0x000000cd50b00000,0x000000cd50c00000) (1024K)]

Stack: [0x000000cd50b00000,0x000000cd50c00000]
Native frames: (J=compiled Java code, j=interpreted, Vv=VM code, C=native code)
V  [jvm.dll+0x6e2279]  (no source info available)
V  [jvm.dll+0x874e33]  (no source info available)
V  [jvm.dll+0x87725e]  (no source info available)
V  [jvm.dll+0x877933]  (no source info available)
V  [jvm.dll+0x27fd76]  (no source info available)
V  [jvm.dll+0x6de915]  (no source info available)
V  [jvm.dll+0x6d341a]  (no source info available)
V  [jvm.dll+0x3589da]  (no source info available)
V  [jvm.dll+0x360f06]  (no source info available)
V  [jvm.dll+0x3b3e2e]  (no source info available)
V  [jvm.dll+0x3b40d8]  (no source info available)
V  [jvm.dll+0x32c59c]  (no source info available)
V  [jvm.dll+0x32d158]  (no source info available)
V  [jvm.dll+0x83ccdc]  (no source info available)
V  [jvm.dll+0x3c0d71]  (no source info available)
V  [jvm.dll+0x825ccc]  (no source info available)
V  [jvm.dll+0x45b8fe]  (no source info available)
V  [jvm.dll+0x45d781]  (no source info available)
C  [jli.dll+0x52a3]  (no source info available)
C  [ucrtbase.dll+0x210b2]  (no source info available)
C  [KERNEL32.DLL+0x17c24]  (no source info available)
C  [ntdll.dll+0x6d4d1]  (no source info available)


---------------  P R O C E S S  ---------------

Threads class SMR info:
_java_thread_list=0x00007ffc12c1b1c8, length=0, elements={
}

Java Threads: ( => current thread )
Total: 0

Other Threads:
  0x0000026b6c266890 WorkerThread "GC Thread#0"                     [id=118272, stack(0x000000cd50c00000,0x000000cd50d00000) (1024K)]
  0x0000026b6c277620 ConcurrentGCThread "G1 Main Marker"            [id=120096, stack(0x000000cd50d00000,0x000000cd50e00000) (1024K)]
  0x0000026b6c2787e0 WorkerThread "G1 Conc#0"                       [id=107760, stack(0x000000cd50e00000,0x000000cd50f00000) (1024K)]

[error occurred during error reporting (printing all threads), id 0xc0000005, EXCEPTION_ACCESS_VIOLATION (0xc0000005) at pc=0x00007ffc1236f367]
VM state: not at safepoint (not fully initialized)

VM Mutex/Monitor currently owned by a thread:  ([mutex/lock_event])
[0x00007ffc12c9bcb8] Heap_lock - owner thread: 0x0000026b6a005810

Heap address: 0x0000000081e00000, size: 2018 MB, Compressed Oops mode: 32-bit

CDS archive(s) mapped at: [0x0000000000000000-0x0000000000000000-0x0000000000000000), size 0, SharedBaseAddress: 0x0000000800000000, ArchiveRelocationMode: 1.
Narrow klass base: 0x0000000000000000, Narrow klass shift: 0, Narrow klass range: 0x0

GC Precious Log:
 CardTable entry size: 512
 Card Set container configuration: InlinePtr #cards 5 size 8 Array Of Cards #cards 12 size 40 Howl #buckets 4 coarsen threshold 1843 Howl Bitmap #cards 512 size 80 coarsen threshold 460 Card regions per heap region 1 cards per card region 2048

Heap:
 garbage-first heap   total reserved 2066432K, committed 0K, used 0K [0x0000000081e00000, 0x0000000100000000)
  region size 1024K, 0 young (0K), 0 survivors (0K)

[error occurred during error reporting (printing heap information), id 0xc0000005, EXCEPTION_ACCESS_VIOLATION (0xc0000005) at pc=0x00007ffc1276e429]
GC Heap History (0 events):
No events

Dll operation events (1 events):
Event: 0.030 Loaded shared library C:\Program Files\Java\jdk-22\bin\java.dll

Deoptimization events (0 events):
No events

Classes loaded (0 events):
No events

Classes unloaded (0 events):
No events

Classes redefined (0 events):
No events

Internal exceptions (0 events):
No events

ZGC Phase Switch (0 events):
No events

VM Operations (0 events):
No events

Events (0 events):
No events


Dynamic libraries:
0x00007ff76d8a0000 - 0x00007ff76d8b0000 	C:\Program Files\Java\jdk-22\bin\java.exe
0x00007ffcdade0000 - 0x00007ffcdafd0000 	C:\windows\SYSTEM32\ntdll.dll
0x00007ffcd9da0000 - 0x00007ffcd9e52000 	C:\windows\System32\KERNEL32.DLL
0x00007ffcd88b0000 - 0x00007ffcd8b55000 	C:\windows\System32\KERNELBASE.dll
0x00007ffcd8c70000 - 0x00007ffcd8d6a000 	C:\windows\System32\ucrtbase.dll
0x00007ffcc4b10000 - 0x00007ffcc4b27000 	C:\Program Files\Java\jdk-22\bin\jli.dll
0x00007ffcc1ac0000 - 0x00007ffcc1adb000 	C:\Program Files\Java\jdk-22\bin\VCRUNTIME140.dll
0x00007ffcda8f0000 - 0x00007ffcda993000 	C:\windows\System32\ADVAPI32.dll
0x00007ffcd9450000 - 0x00007ffcd94ee000 	C:\windows\System32\msvcrt.dll
0x00007ffcda520000 - 0x00007ffcda5b7000 	C:\windows\System32\sechost.dll
0x00007ffcda5c0000 - 0x00007ffcda6e0000 	C:\windows\System32\RPCRT4.dll
0x00007ffcd8e90000 - 0x00007ffcd9024000 	C:\windows\System32\USER32.dll
0x00007ffcd8c40000 - 0x00007ffcd8c61000 	C:\windows\System32\win32u.dll
0x00007ffcd9030000 - 0x00007ffcd9056000 	C:\windows\System32\GDI32.dll
0x00007ffcd8710000 - 0x00007ffcd88a6000 	C:\windows\System32\gdi32full.dll
0x00007ffcd8d70000 - 0x00007ffcd8e0e000 	C:\windows\System32\msvcp_win.dll
0x00007ffcb3200000 - 0x00007ffcb3484000 	C:\windows\WinSxS\amd64_microsoft.windows.common-controls_6595b64144ccf1df_6.0.18362.1198_none_9e820b57e45ad92f\COMCTL32.dll
0x00007ffcd9060000 - 0x00007ffcd9395000 	C:\windows\System32\combase.dll
0x00007ffcd8e10000 - 0x00007ffcd8e90000 	C:\windows\System32\bcryptPrimitives.dll
0x00007ffcd1510000 - 0x00007ffcd151a000 	C:\windows\SYSTEM32\VERSION.dll
0x00007ffcd94f0000 - 0x00007ffcd951e000 	C:\windows\System32\IMM32.DLL
0x00007ffcd4260000 - 0x00007ffcd426c000 	C:\Program Files\Java\jdk-22\bin\vcruntime140_1.dll
0x00007ffca0930000 - 0x00007ffca09be000 	C:\Program Files\Java\jdk-22\bin\msvcp140.dll
0x00007ffc12030000 - 0x00007ffc12d77000 	C:\Program Files\Java\jdk-22\bin\server\jvm.dll
0x00007ffcd7ca0000 - 0x00007ffcd7cea000 	C:\windows\System32\POWRPROF.dll
0x00007ffcd7c90000 - 0x00007ffcd7ca0000 	C:\windows\System32\UMPDC.dll
0x00007ffcda740000 - 0x00007ffcda7af000 	C:\windows\System32\WS2_32.dll
0x00007ffcd4220000 - 0x00007ffcd4244000 	C:\windows\SYSTEM32\WINMM.dll
0x00007ffcd41f0000 - 0x00007ffcd421d000 	C:\windows\SYSTEM32\WINMMBASE.dll
0x00007ffcd86c0000 - 0x00007ffcd870a000 	C:\windows\System32\cfgmgr32.dll
0x00007ffcd7d10000 - 0x00007ffcd7d21000 	C:\windows\System32\kernel.appcore.dll
0x00007ffcd3d60000 - 0x00007ffcd3d6a000 	C:\Program Files\Java\jdk-22\bin\jimage.dll
0x00007ffcd6550000 - 0x00007ffcd6744000 	C:\windows\SYSTEM32\DBGHELP.DLL
0x00007ffcc0430000 - 0x00007ffcc045a000 	C:\windows\SYSTEM32\dbgcore.DLL
0x00007ffcc2890000 - 0x00007ffcc289f000 	C:\Program Files\Java\jdk-22\bin\instrument.dll
0x00007ffcaf560000 - 0x00007ffcaf57e000 	C:\Program Files\Java\jdk-22\bin\java.dll
0x00007ffcd9520000 - 0x00007ffcd9c07000 	C:\windows\System32\SHELL32.dll
0x00007ffcd93a0000 - 0x00007ffcd9449000 	C:\windows\System32\shcore.dll
0x00007ffcd7ed0000 - 0x00007ffcd8651000 	C:\windows\System32\windows.storage.dll
0x00007ffcd7d30000 - 0x00007ffcd7d53000 	C:\windows\System32\profapi.dll
0x00007ffcda6e0000 - 0x00007ffcda732000 	C:\windows\System32\shlwapi.dll
0x00007ffcd7d60000 - 0x00007ffcd7d77000 	C:\windows\System32\cryptsp.dll
0x00007ffcda9a0000 - 0x00007ffcdaaf7000 	C:\windows\System32\ole32.dll

dbghelp: loaded successfully - version: 4.0.5 - missing functions: none
symbol engine: initialized successfully - sym options: 0x614 - pdb path: .;C:\Program Files\Java\jdk-22\bin;C:\windows\SYSTEM32;C:\windows\WinSxS\amd64_microsoft.windows.common-controls_6595b64144ccf1df_6.0.18362.1198_none_9e820b57e45ad92f;C:\Program Files\Java\jdk-22\bin\server

VM Arguments:
jvm_args: -ea -Didea.test.cyclic.buffer.size=1048576 -javaagent:C:\Program Files\JetBrains\IntelliJ IDEA Community Edition 2024.1.1\lib\idea_rt.jar=54995:C:\Program Files\JetBrains\IntelliJ IDEA Community Edition 2024.1.1\bin -Dfile.encoding=UTF-8 -Dsun.stdout.encoding=UTF-8 -Dsun.stderr.encoding=UTF-8 
java_command: com.intellij.rt.junit.JUnitStarter -ideVersion5 -junit5 renderer.ReflectionRefractionTests,multyObjectsTest
java_class_path (initial): C:\Users\navat\.m2\repository\org\junit\platform\junit-platform-launcher\1.8.1\junit-platform-launcher-1.8.1.jar;C:\Users\navat\.m2\repository\org\junit\platform\junit-platform-engine\1.8.1\junit-platform-engine-1.8.1.jar;C:\Users\navat\.m2\repository\org\opentest4j\opentest4j\1.2.0\opentest4j-1.2.0.jar;C:\Users\navat\.m2\repository\org\junit\platform\junit-platform-commons\1.8.1\junit-platform-commons-1.8.1.jar;C:\Users\navat\.m2\repository\org\apiguardian\apiguardian-api\1.1.2\apiguardian-api-1.1.2.jar;C:\Program Files\JetBrains\IntelliJ IDEA Community Edition 2024.1.1\lib\idea_rt.jar;C:\Program Files\JetBrains\IntelliJ IDEA Community Edition 2024.1.1\plugins\junit\lib\junit5-rt.jar;C:\Program Files\JetBrains\IntelliJ IDEA Community Edition 2024.1.1\plugins\junit\lib\junit-rt.jar;C:\Users\navat\ISE5784_3649_4318\out\test\ISE5784_3649_4318;C:\Users\navat\ISE5784_3649_4318\out\production\ISE5784_3649_4318;C:\Users\navat\ISE5784_3649_4318\lib\junit-jupiter-5.8.1.jar;C:\Users\navat\ISE5784_3649_4318\lib\junit-jupiter-api-5.8.1.jar;C:\Users\navat\ISE5784_3649_4318\lib\opentest4j-1.2.0.jar;C:\Users\navat\ISE5784_3649_4318\lib\junit-platform-commons-1.8.1.jar;C:\Users\navat\ISE5784_3649_4318\lib\apiguardian-api-1.1.2.jar;C:\Users\navat\ISE5784_3649_4318\lib\junit-jupiter-params-5.8.1.jar;C:\Users\navat\ISE5784_3649_4318\lib\junit-jupiter-engine-5.8.1.jar;C:\Users\navat\ISE5784_3649_4318\lib\junit-platform-engine-1.8.1.jar
Launcher Type: SUN_STANDARD

[Global flags]
     intx CICompilerCount                          = 4                                         {product} {ergonomic}
     uint ConcGCThreads                            = 2                                         {product} {ergonomic}
     uint G1ConcRefinementThreads                  = 8                                         {product} {ergonomic}
   size_t G1HeapRegionSize                         = 1048576                                   {product} {ergonomic}
   size_t InitialHeapSize                          = 134217728                                 {product} {ergonomic}
   size_t MarkStackSize                            = 4194304                                   {product} {ergonomic}
   size_t MaxHeapSize                              = 2116026368                                {product} {ergonomic}
   size_t MinHeapDeltaBytes                        = 1048576                                   {product} {ergonomic}
   size_t MinHeapSize                              = 8388608                                   {product} {ergonomic}
    uintx NonNMethodCodeHeapSize                   = 5839372                                {pd product} {ergonomic}
    uintx NonProfiledCodeHeapSize                  = 122909434                              {pd product} {ergonomic}
    uintx ProfiledCodeHeapSize                     = 122909434                              {pd product} {ergonomic}
    uintx ReservedCodeCacheSize                    = 251658240                              {pd product} {ergonomic}
     bool SegmentedCodeCache                       = true                                      {product} {ergonomic}
   size_t SoftMaxHeapSize                          = 2116026368                             {manageable} {ergonomic}
     bool UseCompressedOops                        = true                           {product lp64_product} {ergonomic}
     bool UseG1GC                                  = true                                      {product} {ergonomic}
     bool UseLargePagesIndividualAllocation        = false                                  {pd product} {ergonomic}

Logging:
Log output configuration:
 #0: stdout all=warning uptime,level,tags foldmultilines=false
 #1: stderr all=off uptime,level,tags foldmultilines=false

Environment Variables:
JAVA_HOME=C:\Program Files\Java\jdk-22
PATH=C:\Program Files\Common Files\Oracle\Java\javapath;C:\Program Files (x86)\Common Files\Oracle\Java\javapath;C:\app\navat\product\18.0.0\dbhomeXE\bin;C:\windows\system32;C:\windows;C:\windows\System32\Wbem;C:\windows\System32\WindowsPowerShell\v1.0\;C:\windows\System32\OpenSSH\;C:\Program Files\Microsoft SQL Server\130\Tools\Binn\;C:\Program Files\Java\jdk-15.0.2\bin;C:\Program Files\nodejs\;C:\Program Files\Docker\Docker\resources\bin;C:\ProgramData\DockerDesktop\version-bin;C:\Program Files\Git\cmd;C:\Program Files\dotnet\;C:\Users\navat\AppData\Local\Microsoft\WindowsApps;C:\Users\navat\AppData\Local\Programs\Microsoft VS Code\bin;C:\Users\navat\AppData\Roaming\npm;C:\Users\navat\.dotnet\tools;C:\Program Files\Java\jdk-22\bin;;C:\Users\navat\Downloads\Telegram Desktop\IntelliJ IDEA 2024.1.1\bin;;C:\Program Files\JetBrains\IntelliJ IDEA Community Edition 2024.1.1\bin;;C:\Program Files\JetBrains\PyCharm 2024.1.1\bin;
USERNAME=navat
OS=Windows_NT
PROCESSOR_IDENTIFIER=Intel64 Family 6 Model 142 Stepping 12, GenuineIntel
TMP=C:\Users\navat\AppData\Local\Temp
TEMP=C:\Users\navat\AppData\Local\Temp




Periodic native trim disabled

---------------  S Y S T E M  ---------------

OS:
 Windows 10 , 64 bit Build 18362 (10.0.18362.1110)
OS uptime: 5 days 4:39 hours
Hyper-V role detected

CPU: total 8 (initial active 8) (4 cores per cpu, 2 threads per core) family 6 model 142 stepping 12 microcode 0xde, cx8, cmov, fxsr, ht, mmx, 3dnowpref, sse, sse2, sse3, ssse3, sse4.1, sse4.2, popcnt, lzcnt, tsc, tscinvbit, avx, avx2, aes, erms, clmul, bmi1, bmi2, adx, fma, vzeroupper, clflush, clflushopt, hv, rdtscp, f16c
Processor Information for all 8 processors :
  Max Mhz: 1800, Current Mhz: 1600, Mhz Limit: 1584

Memory: 4k page, system-wide physical 8070M (624M free)
TotalPageFile size 23248M (AvailPageFile size 124M)
current process WorkingSet (physical memory assigned to process): 12M, peak: 12M
current process commit charge ("private bytes"): 61M, peak: 188M

vm_info: Java HotSpot(TM) 64-Bit Server VM (22.0.1+8-16) for windows-amd64 JRE (22.0.1+8-16), built on 2024-03-12T10:33:16Z by "mach5one" with MS VC++ 17.6 (VS2022)

END.
